{"level":"info","message":"19:function getMinutes() { [native code] } - 18:2:2023 | Info: Web Server has been started"}
{"level":"info","message":"19:function getMinutes() { [native code] } - 18:2:2023 | Info: Command Loaded: bassboost"}
{"level":"info","message":"19:function getMinutes() { [native code] } - 18:2:2023 | Info: Command Loaded: bump"}
{"level":"info","message":"19:function getMinutes() { [native code] } - 18:2:2023 | Info: Command Loaded: clear"}
{"level":"info","message":"19:function getMinutes() { [native code] } - 18:2:2023 | Info: Command Loaded: config"}
{"level":"info","message":"19:function getMinutes() { [native code] } - 18:2:2023 | Info: Command Loaded: disconnect"}
{"level":"info","message":"19:function getMinutes() { [native code] } - 18:2:2023 | Info: Command Loaded: grab"}
{"level":"info","message":"19:function getMinutes() { [native code] } - 18:2:2023 | Info: Command Loaded: help"}
{"level":"info","message":"19:function getMinutes() { [native code] } - 18:2:2023 | Info: Command Loaded: invite"}
{"level":"info","message":"19:function getMinutes() { [native code] } - 18:2:2023 | Info: Command Loaded: loop"}
{"level":"info","message":"19:function getMinutes() { [native code] } - 18:2:2023 | Info: Command Loaded: loopqueue"}
{"level":"info","message":"19:function getMinutes() { [native code] } - 18:2:2023 | Info: Command Loaded: lyrics"}
{"level":"info","message":"19:function getMinutes() { [native code] } - 18:2:2023 | Info: Command Loaded: move"}
{"level":"info","message":"19:function getMinutes() { [native code] } - 18:2:2023 | Info: Command Loaded: nowplaying"}
{"level":"info","message":"19:function getMinutes() { [native code] } - 18:2:2023 | Info: Command Loaded: pause"}
{"level":"info","message":"19:function getMinutes() { [native code] } - 18:2:2023 | Info: Command Loaded: play"}
{"level":"info","message":"19:function getMinutes() { [native code] } - 18:2:2023 | Info: Command Loaded: queue"}
{"level":"info","message":"19:function getMinutes() { [native code] } - 18:2:2023 | Info: Command Loaded: remove"}
{"level":"info","message":"19:function getMinutes() { [native code] } - 18:2:2023 | Info: Command Loaded: resume"}
{"level":"info","message":"19:function getMinutes() { [native code] } - 18:2:2023 | Info: Command Loaded: search"}
{"level":"info","message":"19:function getMinutes() { [native code] } - 18:2:2023 | Info: Command Loaded: seek"}
{"level":"info","message":"19:function getMinutes() { [native code] } - 18:2:2023 | Info: Command Loaded: shuffle"}
{"level":"info","message":"19:function getMinutes() { [native code] } - 18:2:2023 | Info: Command Loaded: skip"}
{"level":"info","message":"19:function getMinutes() { [native code] } - 18:2:2023 | Info: Command Loaded: skipto"}
{"level":"info","message":"19:function getMinutes() { [native code] } - 18:2:2023 | Info: Command Loaded: stats"}
{"level":"info","message":"19:function getMinutes() { [native code] } - 18:2:2023 | Info: Command Loaded: volume"}
{"level":"info","message":"19:function getMinutes() { [native code] } - 18:2:2023 | Info: Command Loaded: youtube"}
{"level":"info","message":"19:function getMinutes() { [native code] } - 18:2:2023 | Info: Event Loaded: guildCreate"}
{"level":"info","message":"19:function getMinutes() { [native code] } - 18:2:2023 | Info: Event Loaded: message"}
{"level":"info","message":"19:function getMinutes() { [native code] } - 18:2:2023 | Info: Event Loaded: raw"}
{"level":"info","message":"19:function getMinutes() { [native code] } - 18:2:2023 | Info: Event Loaded: ready"}
{"level":"info","message":"19:function getMinutes() { [native code] } - 18:2:2023 | Info: Event Loaded: voiceStateUpdate"}
{"level":"info","message":"19:function getMinutes() { [native code] } - 18:2:2023 | Info: Successfully Logged in as HTML BOT#7029"}
{"level":"info","message":"19:function getMinutes() { [native code] } - 18:2:2023 | Info: Registering slash commands for 999026085712896150"}
{"level":"info","message":"19:function getMinutes() { [native code] } - 18:2:2023 | Info: [Slash Command]: [POST] Guild 999026085712896150, Command: bassboost"}
{"level":"info","message":"19:function getMinutes() { [native code] } - 18:2:2023 | Info: [Slash Command]: [POST] Guild 999026085712896150, Command: bump"}
{"level":"info","message":"19:function getMinutes() { [native code] } - 18:2:2023 | Info: [Slash Command]: [POST] Guild 999026085712896150, Command: clear"}
{"level":"info","message":"19:function getMinutes() { [native code] } - 18:2:2023 | Info: [Slash Command]: [POST] Guild 999026085712896150, Command: config"}
{"level":"info","message":"19:function getMinutes() { [native code] } - 18:2:2023 | Info: [Slash Command]: [POST] Guild 999026085712896150, Command: disconnect"}
{"level":"info","message":"19:function getMinutes() { [native code] } - 18:2:2023 | Info: [Slash Command]: [POST] Guild 999026085712896150, Command: grab"}
{"level":"info","message":"19:function getMinutes() { [native code] } - 18:2:2023 | Info: [Slash Command]: [POST] Guild 999026085712896150, Command: help"}
{"level":"info","message":"19:function getMinutes() { [native code] } - 18:2:2023 | Info: [Slash Command]: [POST] Guild 999026085712896150, Command: invite"}
{"level":"info","message":"19:function getMinutes() { [native code] } - 18:2:2023 | Info: [Slash Command]: [POST] Guild 999026085712896150, Command: loop"}
{"level":"info","message":"19:function getMinutes() { [native code] } - 18:2:2023 | Info: [Slash Command]: [POST] Guild 999026085712896150, Command: loopqueue"}
{"level":"info","message":"19:function getMinutes() { [native code] } - 18:2:2023 | Info: [Slash Command]: [POST] Guild 999026085712896150, Command: lyrics"}
{"level":"info","message":"19:function getMinutes() { [native code] } - 18:2:2023 | Info: [Slash Command]: [POST] Guild 999026085712896150, Command: move"}
{"level":"info","message":"19:function getMinutes() { [native code] } - 18:2:2023 | Info: [Slash Command]: [POST] Guild 999026085712896150, Command: nowplaying"}
{"level":"info","message":"19:function getMinutes() { [native code] } - 18:2:2023 | Info: [Slash Command]: [POST] Guild 999026085712896150, Command: pause"}
{"level":"info","message":"19:function getMinutes() { [native code] } - 18:2:2023 | Info: [Slash Command]: [POST] Guild 999026085712896150, Command: play"}
{"level":"info","message":"19:function getMinutes() { [native code] } - 18:2:2023 | Info: [Slash Command]: [POST] Guild 999026085712896150, Command: queue"}
{"level":"info","message":"19:function getMinutes() { [native code] } - 18:2:2023 | Info: [Slash Command]: [POST] Guild 999026085712896150, Command: remove"}
{"level":"info","message":"19:function getMinutes() { [native code] } - 18:2:2023 | Info: [Slash Command]: [POST] Guild 999026085712896150, Command: resume"}
{"level":"info","message":"19:function getMinutes() { [native code] } - 18:2:2023 | Info: [Slash Command]: [POST] Guild 999026085712896150, Command: search"}
{"level":"info","message":"19:function getMinutes() { [native code] } - 18:2:2023 | Info: [Slash Command]: [POST] Guild 999026085712896150, Command: shuffle"}
{"level":"info","message":"19:function getMinutes() { [native code] } - 18:2:2023 | Info: [Slash Command]: [POST] Guild 999026085712896150, Command: skip"}
{"level":"info","message":"19:function getMinutes() { [native code] } - 18:2:2023 | Info: [Slash Command]: [POST] Guild 999026085712896150, Command: skipto"}
{"level":"info","message":"19:function getMinutes() { [native code] } - 18:2:2023 | Info: [Slash Command]: [POST] Guild 999026085712896150, Command: stats"}
{"level":"info","message":"19:function getMinutes() { [native code] } - 18:2:2023 | Info: [Slash Command]: [POST] Guild 999026085712896150, Command: volume"}
{"level":"info","message":"19:function getMinutes() { [native code] } - 18:2:2023 | Info: [Slash Command]: [POST] Guild 999026085712896150, Command: youtube"}
{"level":"info","message":"19:function getMinutes() { [native code] } - 18:2:2023 | Info: Lavalink: Node Main connected"}
{"level":"info","message":"19:function getMinutes() { [native code] } - 18:2:2023 | Info: Web Server has been started"}
{"level":"info","message":"19:function getMinutes() { [native code] } - 18:2:2023 | Info: Command Loaded: bassboost"}
{"level":"info","message":"19:function getMinutes() { [native code] } - 18:2:2023 | Info: Command Loaded: bump"}
{"level":"info","message":"19:function getMinutes() { [native code] } - 18:2:2023 | Info: Command Loaded: clear"}
{"level":"info","message":"19:function getMinutes() { [native code] } - 18:2:2023 | Info: Command Loaded: config"}
{"level":"info","message":"19:function getMinutes() { [native code] } - 18:2:2023 | Info: Command Loaded: disconnect"}
{"level":"info","message":"19:function getMinutes() { [native code] } - 18:2:2023 | Info: Command Loaded: grab"}
{"level":"info","message":"19:function getMinutes() { [native code] } - 18:2:2023 | Info: Command Loaded: help"}
{"level":"info","message":"19:function getMinutes() { [native code] } - 18:2:2023 | Info: Command Loaded: invite"}
{"level":"info","message":"19:function getMinutes() { [native code] } - 18:2:2023 | Info: Command Loaded: loop"}
{"level":"info","message":"19:function getMinutes() { [native code] } - 18:2:2023 | Info: Command Loaded: loopqueue"}
{"level":"info","message":"19:function getMinutes() { [native code] } - 18:2:2023 | Info: Command Loaded: lyrics"}
{"level":"info","message":"19:function getMinutes() { [native code] } - 18:2:2023 | Info: Command Loaded: move"}
{"level":"info","message":"19:function getMinutes() { [native code] } - 18:2:2023 | Info: Command Loaded: nowplaying"}
{"level":"info","message":"19:function getMinutes() { [native code] } - 18:2:2023 | Info: Command Loaded: pause"}
{"level":"info","message":"19:function getMinutes() { [native code] } - 18:2:2023 | Info: Command Loaded: play"}
{"level":"info","message":"19:function getMinutes() { [native code] } - 18:2:2023 | Info: Command Loaded: queue"}
{"level":"info","message":"19:function getMinutes() { [native code] } - 18:2:2023 | Info: Command Loaded: remove"}
{"level":"info","message":"19:function getMinutes() { [native code] } - 18:2:2023 | Info: Command Loaded: resume"}
{"level":"info","message":"19:function getMinutes() { [native code] } - 18:2:2023 | Info: Command Loaded: search"}
{"level":"info","message":"19:function getMinutes() { [native code] } - 18:2:2023 | Info: Command Loaded: seek"}
{"level":"info","message":"19:function getMinutes() { [native code] } - 18:2:2023 | Info: Command Loaded: shuffle"}
{"level":"info","message":"19:function getMinutes() { [native code] } - 18:2:2023 | Info: Command Loaded: skip"}
{"level":"info","message":"19:function getMinutes() { [native code] } - 18:2:2023 | Info: Command Loaded: skipto"}
{"level":"info","message":"19:function getMinutes() { [native code] } - 18:2:2023 | Info: Command Loaded: stats"}
{"level":"info","message":"19:function getMinutes() { [native code] } - 18:2:2023 | Info: Command Loaded: volume"}
{"level":"info","message":"19:function getMinutes() { [native code] } - 18:2:2023 | Info: Command Loaded: youtube"}
{"level":"info","message":"19:function getMinutes() { [native code] } - 18:2:2023 | Info: Event Loaded: guildCreate"}
{"level":"info","message":"19:function getMinutes() { [native code] } - 18:2:2023 | Info: Event Loaded: message"}
{"level":"info","message":"19:function getMinutes() { [native code] } - 18:2:2023 | Info: Event Loaded: raw"}
{"level":"info","message":"19:function getMinutes() { [native code] } - 18:2:2023 | Info: Event Loaded: ready"}
{"level":"info","message":"19:function getMinutes() { [native code] } - 18:2:2023 | Info: Event Loaded: voiceStateUpdate"}
{"level":"info","message":"19:function getMinutes() { [native code] } - 18:2:2023 | Info: Successfully Logged in as HTML BOT#7029"}
{"level":"info","message":"19:function getMinutes() { [native code] } - 18:2:2023 | Info: Registering slash commands for 999026085712896150"}
{"level":"info","message":"19:function getMinutes() { [native code] } - 18:2:2023 | Info: [Slash Command]: [POST] Guild 999026085712896150, Command: bassboost"}
{"level":"info","message":"19:function getMinutes() { [native code] } - 18:2:2023 | Info: [Slash Command]: [POST] Guild 999026085712896150, Command: bump"}
{"level":"info","message":"19:function getMinutes() { [native code] } - 18:2:2023 | Info: [Slash Command]: [POST] Guild 999026085712896150, Command: clear"}
{"level":"info","message":"19:function getMinutes() { [native code] } - 18:2:2023 | Info: [Slash Command]: [POST] Guild 999026085712896150, Command: config"}
{"level":"info","message":"19:function getMinutes() { [native code] } - 18:2:2023 | Info: [Slash Command]: [POST] Guild 999026085712896150, Command: disconnect"}
{"level":"info","message":"19:function getMinutes() { [native code] } - 18:2:2023 | Info: [Slash Command]: [POST] Guild 999026085712896150, Command: grab"}
{"level":"info","message":"19:function getMinutes() { [native code] } - 18:2:2023 | Info: [Slash Command]: [POST] Guild 999026085712896150, Command: help"}
{"level":"info","message":"19:function getMinutes() { [native code] } - 18:2:2023 | Info: [Slash Command]: [POST] Guild 999026085712896150, Command: invite"}
{"level":"info","message":"19:function getMinutes() { [native code] } - 18:2:2023 | Info: [Slash Command]: [POST] Guild 999026085712896150, Command: loop"}
{"level":"info","message":"19:function getMinutes() { [native code] } - 18:2:2023 | Info: [Slash Command]: [POST] Guild 999026085712896150, Command: loopqueue"}
{"level":"info","message":"19:function getMinutes() { [native code] } - 18:2:2023 | Info: [Slash Command]: [POST] Guild 999026085712896150, Command: lyrics"}
{"level":"info","message":"19:function getMinutes() { [native code] } - 18:2:2023 | Info: [Slash Command]: [POST] Guild 999026085712896150, Command: move"}
{"level":"info","message":"19:function getMinutes() { [native code] } - 18:2:2023 | Info: [Slash Command]: [POST] Guild 999026085712896150, Command: nowplaying"}
{"level":"info","message":"19:function getMinutes() { [native code] } - 18:2:2023 | Info: [Slash Command]: [POST] Guild 999026085712896150, Command: pause"}
{"level":"info","message":"19:function getMinutes() { [native code] } - 18:2:2023 | Info: [Slash Command]: [POST] Guild 999026085712896150, Command: play"}
{"level":"info","message":"19:function getMinutes() { [native code] } - 18:2:2023 | Info: [Slash Command]: [POST] Guild 999026085712896150, Command: queue"}
{"level":"info","message":"19:function getMinutes() { [native code] } - 18:2:2023 | Info: [Slash Command]: [POST] Guild 999026085712896150, Command: remove"}
{"level":"info","message":"19:function getMinutes() { [native code] } - 18:2:2023 | Info: [Slash Command]: [POST] Guild 999026085712896150, Command: resume"}
{"level":"info","message":"19:function getMinutes() { [native code] } - 18:2:2023 | Info: [Slash Command]: [POST] Guild 999026085712896150, Command: search"}
{"level":"info","message":"19:function getMinutes() { [native code] } - 18:2:2023 | Info: [Slash Command]: [POST] Guild 999026085712896150, Command: shuffle"}
{"level":"info","message":"19:function getMinutes() { [native code] } - 18:2:2023 | Info: [Slash Command]: [POST] Guild 999026085712896150, Command: skip"}
{"level":"info","message":"19:function getMinutes() { [native code] } - 18:2:2023 | Info: [Slash Command]: [POST] Guild 999026085712896150, Command: skipto"}
{"level":"info","message":"19:function getMinutes() { [native code] } - 18:2:2023 | Info: [Slash Command]: [POST] Guild 999026085712896150, Command: stats"}
{"level":"info","message":"19:function getMinutes() { [native code] } - 18:2:2023 | Info: [Slash Command]: [POST] Guild 999026085712896150, Command: volume"}
{"level":"info","message":"19:function getMinutes() { [native code] } - 18:2:2023 | Info: [Slash Command]: [POST] Guild 999026085712896150, Command: youtube"}
{"level":"info","message":"19:function getMinutes() { [native code] } - 18:2:2023 | Info: Lavalink: Node Main connected"}
{"level":"info","message":"19:function getMinutes() { [native code] } - 18:2:2023 | Info: Web Server has been started"}
{"level":"info","message":"19:function getMinutes() { [native code] } - 18:2:2023 | Info: Command Loaded: bassboost"}
{"level":"info","message":"19:function getMinutes() { [native code] } - 18:2:2023 | Info: Command Loaded: bump"}
{"level":"info","message":"19:function getMinutes() { [native code] } - 18:2:2023 | Info: Command Loaded: clear"}
{"level":"info","message":"19:function getMinutes() { [native code] } - 18:2:2023 | Info: Command Loaded: config"}
{"level":"info","message":"19:function getMinutes() { [native code] } - 18:2:2023 | Info: Command Loaded: disconnect"}
{"level":"info","message":"19:function getMinutes() { [native code] } - 18:2:2023 | Info: Command Loaded: grab"}
{"level":"info","message":"19:function getMinutes() { [native code] } - 18:2:2023 | Info: Command Loaded: help"}
{"level":"info","message":"19:function getMinutes() { [native code] } - 18:2:2023 | Info: Command Loaded: invite"}
{"level":"info","message":"19:function getMinutes() { [native code] } - 18:2:2023 | Info: Command Loaded: loop"}
{"level":"info","message":"19:function getMinutes() { [native code] } - 18:2:2023 | Info: Command Loaded: loopqueue"}
{"level":"info","message":"19:function getMinutes() { [native code] } - 18:2:2023 | Info: Command Loaded: lyrics"}
{"level":"info","message":"19:function getMinutes() { [native code] } - 18:2:2023 | Info: Command Loaded: move"}
{"level":"info","message":"19:function getMinutes() { [native code] } - 18:2:2023 | Info: Command Loaded: nowplaying"}
{"level":"info","message":"19:function getMinutes() { [native code] } - 18:2:2023 | Info: Command Loaded: pause"}
{"level":"info","message":"19:function getMinutes() { [native code] } - 18:2:2023 | Info: Command Loaded: play"}
{"level":"info","message":"19:function getMinutes() { [native code] } - 18:2:2023 | Info: Command Loaded: queue"}
{"level":"info","message":"19:function getMinutes() { [native code] } - 18:2:2023 | Info: Command Loaded: remove"}
{"level":"info","message":"19:function getMinutes() { [native code] } - 18:2:2023 | Info: Command Loaded: resume"}
{"level":"info","message":"19:function getMinutes() { [native code] } - 18:2:2023 | Info: Command Loaded: search"}
{"level":"info","message":"19:function getMinutes() { [native code] } - 18:2:2023 | Info: Command Loaded: seek"}
{"level":"info","message":"19:function getMinutes() { [native code] } - 18:2:2023 | Info: Command Loaded: shuffle"}
{"level":"info","message":"19:function getMinutes() { [native code] } - 18:2:2023 | Info: Command Loaded: skip"}
{"level":"info","message":"19:function getMinutes() { [native code] } - 18:2:2023 | Info: Command Loaded: skipto"}
{"level":"info","message":"19:function getMinutes() { [native code] } - 18:2:2023 | Info: Command Loaded: stats"}
{"level":"info","message":"19:function getMinutes() { [native code] } - 18:2:2023 | Info: Command Loaded: volume"}
{"level":"info","message":"19:function getMinutes() { [native code] } - 18:2:2023 | Info: Command Loaded: youtube"}
{"level":"info","message":"19:function getMinutes() { [native code] } - 18:2:2023 | Info: Event Loaded: guildCreate"}
{"level":"info","message":"19:function getMinutes() { [native code] } - 18:2:2023 | Info: Event Loaded: message"}
{"level":"info","message":"19:function getMinutes() { [native code] } - 18:2:2023 | Info: Event Loaded: raw"}
{"level":"info","message":"19:function getMinutes() { [native code] } - 18:2:2023 | Info: Event Loaded: ready"}
{"level":"info","message":"19:function getMinutes() { [native code] } - 18:2:2023 | Info: Event Loaded: voiceStateUpdate"}
{"level":"info","message":"19:function getMinutes() { [native code] } - 18:2:2023 | Info: Successfully Logged in as HTML BOT#7029"}
{"level":"info","message":"19:function getMinutes() { [native code] } - 18:2:2023 | Info: Registering slash commands for 999026085712896150"}
{"level":"info","message":"19:function getMinutes() { [native code] } - 18:2:2023 | Info: [Slash Command]: [POST] Guild 999026085712896150, Command: bassboost"}
{"level":"info","message":"19:function getMinutes() { [native code] } - 18:2:2023 | Info: [Slash Command]: [POST] Guild 999026085712896150, Command: bump"}
{"level":"info","message":"19:function getMinutes() { [native code] } - 18:2:2023 | Info: [Slash Command]: [POST] Guild 999026085712896150, Command: clear"}
{"level":"info","message":"19:function getMinutes() { [native code] } - 18:2:2023 | Info: [Slash Command]: [POST] Guild 999026085712896150, Command: config"}
{"level":"info","message":"19:function getMinutes() { [native code] } - 18:2:2023 | Info: [Slash Command]: [POST] Guild 999026085712896150, Command: disconnect"}
{"level":"info","message":"19:function getMinutes() { [native code] } - 18:2:2023 | Info: [Slash Command]: [POST] Guild 999026085712896150, Command: grab"}
{"level":"info","message":"19:function getMinutes() { [native code] } - 18:2:2023 | Info: [Slash Command]: [POST] Guild 999026085712896150, Command: help"}
{"level":"info","message":"19:function getMinutes() { [native code] } - 18:2:2023 | Info: [Slash Command]: [POST] Guild 999026085712896150, Command: invite"}
{"level":"info","message":"19:function getMinutes() { [native code] } - 18:2:2023 | Info: [Slash Command]: [POST] Guild 999026085712896150, Command: loop"}
{"level":"info","message":"19:function getMinutes() { [native code] } - 18:2:2023 | Info: [Slash Command]: [POST] Guild 999026085712896150, Command: loopqueue"}
{"level":"info","message":"19:function getMinutes() { [native code] } - 18:2:2023 | Info: [Slash Command]: [POST] Guild 999026085712896150, Command: lyrics"}
{"level":"info","message":"19:function getMinutes() { [native code] } - 18:2:2023 | Info: [Slash Command]: [POST] Guild 999026085712896150, Command: move"}
{"level":"info","message":"19:function getMinutes() { [native code] } - 18:2:2023 | Info: [Slash Command]: [POST] Guild 999026085712896150, Command: nowplaying"}
{"level":"info","message":"19:function getMinutes() { [native code] } - 18:2:2023 | Info: [Slash Command]: [POST] Guild 999026085712896150, Command: pause"}
{"level":"info","message":"19:function getMinutes() { [native code] } - 18:2:2023 | Info: [Slash Command]: [POST] Guild 999026085712896150, Command: play"}
{"level":"info","message":"19:function getMinutes() { [native code] } - 18:2:2023 | Info: [Slash Command]: [POST] Guild 999026085712896150, Command: queue"}
{"level":"info","message":"19:function getMinutes() { [native code] } - 18:2:2023 | Info: [Slash Command]: [POST] Guild 999026085712896150, Command: remove"}
{"level":"info","message":"19:function getMinutes() { [native code] } - 18:2:2023 | Info: [Slash Command]: [POST] Guild 999026085712896150, Command: resume"}
{"level":"info","message":"19:function getMinutes() { [native code] } - 18:2:2023 | Info: [Slash Command]: [POST] Guild 999026085712896150, Command: search"}
{"level":"info","message":"19:function getMinutes() { [native code] } - 18:2:2023 | Info: [Slash Command]: [POST] Guild 999026085712896150, Command: shuffle"}
{"level":"info","message":"19:function getMinutes() { [native code] } - 18:2:2023 | Info: [Slash Command]: [POST] Guild 999026085712896150, Command: skip"}
{"level":"info","message":"19:function getMinutes() { [native code] } - 18:2:2023 | Info: [Slash Command]: [POST] Guild 999026085712896150, Command: skipto"}
{"level":"info","message":"19:function getMinutes() { [native code] } - 18:2:2023 | Info: [Slash Command]: [POST] Guild 999026085712896150, Command: stats"}
{"level":"info","message":"19:function getMinutes() { [native code] } - 18:2:2023 | Info: [Slash Command]: [POST] Guild 999026085712896150, Command: volume"}
{"level":"info","message":"19:function getMinutes() { [native code] } - 18:2:2023 | Info: [Slash Command]: [POST] Guild 999026085712896150, Command: youtube"}
{"level":"info","message":"19:function getMinutes() { [native code] } - 18:2:2023 | Info: Lavalink: Node Main connected"}
